<?xml version="1.0" encoding="UTF-8"?>
<testsuite xmlns:xsi="http://www.w3.org/2001/XMLSchema-instance" xsi:noNamespaceSchemaLocation="https://maven.apache.org/surefire/maven-surefire-plugin/xsd/surefire-test-report-3.0.xsd" version="3.0" name="com.empresa.soporte.SoporteApiApplicationTests" time="4.328" tests="1" errors="0" skipped="0" failures="0">
  <properties>
[...]
</properties>
  <testcase name="contextLoads" classname="com.empresa.soporte.SoporteApiApplicationTests" time="0.377">
    <system-out><![CDATA[
  .   ____          _            __ _ _
 /\\ / ___'_ __ _ _(_)_ __  __ _ \ \ \ \
( ( )\___ | '_ | '_| | '_ \/ _` | \ \ \ \
 \\/  ___)| |_)| | | | | || (_| |  ) ) ) )
  '  |____| .__|_| |_|_| |_\__, | / / / /
 =========|_|==============|___/=/_/_/_/

 :: Spring Boot ::                (v3.3.4)

2025-11-07T00:21:17.832-05:00  INFO 4588 --- [soporte-api] [           main] c.e.soporte.SoporteApiApplicationTests   : Starting SoporteApiApplicationTests using Java 21.0.8 with PID 4588 (started by USER-PC in Z:\Proyecto Desarrollo de componentes\soporte-api\soporte-api)
2025-11-07T00:21:17.833-05:00  INFO 4588 --- [soporte-api] [           main] c.e.soporte.SoporteApiApplicationTests   : No active profile set, falling back to 1 default profile: "default"
2025-11-07T00:21:18.751-05:00  INFO 4588 --- [soporte-api] [           main] .s.d.r.c.RepositoryConfigurationDelegate : Bootstrapping Spring Data JPA repositories in DEFAULT mode.
2025-11-07T00:21:18.765-05:00  INFO 4588 --- [soporte-api] [           main] .s.d.r.c.RepositoryConfigurationDelegate : Finished Spring Data repository scanning in 9 ms. Found 0 JPA repository interfaces.
2025-11-07T00:21:19.162-05:00  INFO 4588 --- [soporte-api] [           main] o.hibernate.jpa.internal.util.LogHelper  : HHH000204: Processing PersistenceUnitInfo [name: default]
2025-11-07T00:21:19.199-05:00  INFO 4588 --- [soporte-api] [           main] org.hibernate.Version                    : HHH000412: Hibernate ORM core version 6.5.3.Final
2025-11-07T00:21:19.234-05:00  INFO 4588 --- [soporte-api] [           main] o.h.c.internal.RegionFactoryInitiator    : HHH000026: Second-level cache disabled
2025-11-07T00:21:19.553-05:00  INFO 4588 --- [soporte-api] [           main] o.s.o.j.p.SpringPersistenceUnitInfo      : No LoadTimeWeaver setup: ignoring JPA class transformer
2025-11-07T00:21:19.583-05:00  INFO 4588 --- [soporte-api] [           main] com.zaxxer.hikari.HikariDataSource       : HikariPool-1 - Starting...
2025-11-07T00:21:19.707-05:00  INFO 4588 --- [soporte-api] [           main] com.zaxxer.hikari.pool.HikariPool        : HikariPool-1 - Added connection conn0: url=jdbc:h2:mem:soporte_db user=SA
2025-11-07T00:21:19.709-05:00  INFO 4588 --- [soporte-api] [           main] com.zaxxer.hikari.HikariDataSource       : HikariPool-1 - Start completed.
2025-11-07T00:21:20.333-05:00  INFO 4588 --- [soporte-api] [           main] o.h.e.t.j.p.i.JtaPlatformInitiator       : HHH000489: No JTA platform available (set 'hibernate.transaction.jta.platform' to enable JTA platform integration)
Hibernate: create table clientes (id bigint generated by default as identity, correo varchar(255) not null, nombre varchar(255) not null, primary key (id))
Hibernate: create table solicitudes (id bigint generated by default as identity, descripcion TEXT not null, estado varchar(255) not null, fecha_registro timestamp(6), titulo varchar(255) not null, cliente_id bigint not null, tecnico_id bigint not null, primary key (id))
Hibernate: create table tecnicos (id bigint generated by default as identity, especialidad varchar(255) not null, nombre varchar(255) not null, primary key (id))
Hibernate: alter table if exists clientes drop constraint if exists UK8duxx4vm6d736wokeq3u5skw7
Hibernate: alter table if exists clientes add constraint UK8duxx4vm6d736wokeq3u5skw7 unique (correo)
Hibernate: alter table if exists solicitudes add constraint FKtfxgn25p8c3x41bkb43vpmfuu foreign key (cliente_id) references clientes
Hibernate: alter table if exists solicitudes add constraint FKbhl72y1rtjpm9blkhgll2li58 foreign key (tecnico_id) references tecnicos
2025-11-07T00:21:20.385-05:00  INFO 4588 --- [soporte-api] [           main] j.LocalContainerEntityManagerFactoryBean : Initialized JPA EntityManagerFactory for persistence unit 'default'
2025-11-07T00:21:20.638-05:00  WARN 4588 --- [soporte-api] [           main] JpaBaseConfiguration$JpaWebConfiguration : spring.jpa.open-in-view is enabled by default. Therefore, database queries may be performed during view rendering. Explicitly configure spring.jpa.open-in-view to disable this warning
2025-11-07T00:21:20.666-05:00  INFO 4588 --- [soporte-api] [           main] o.s.b.a.w.s.WelcomePageHandlerMapping    : Adding welcome page template: index
2025-11-07T00:21:21.077-05:00  INFO 4588 --- [soporte-api] [           main] o.s.b.a.h2.H2ConsoleAutoConfiguration    : H2 console available at '/h2-console'. Database available at 'jdbc:h2:mem:soporte_db'
2025-11-07T00:21:21.124-05:00  INFO 4588 --- [soporte-api] [           main] c.e.soporte.SoporteApiApplicationTests   : Started SoporteApiApplicationTests in 3.575 seconds (process running for 4.372)
]]></system-out>
    <system-err><![CDATA[WARNING: A Java agent has been loaded dynamically (C:\Users\USER-PC\.m2\repository\net\bytebuddy\byte-buddy-agent\1.14.19\byte-buddy-agent-1.14.19.jar)
WARNING: If a serviceability tool is in use, please run with -XX:+EnableDynamicAgentLoading to hide this warning
WARNING: If a serviceability tool is not in use, please run with -Djdk.instrument.traceUsage for more information
WARNING: Dynamic loading of agents will be disallowed by default in a future release
]]></system-err>
  </testcase>
</testsuite>